<?xml version="1.0" encoding="UTF-8"?>
<!-- Generated by org.testng.reporters.JUnitReportReporter -->
<testsuite hostname="HIBAIL61422" name="com.automation.testcases.JQueryDatePickerPageTest" tests="3" failures="0" timestamp="28 Jul 2017 06:46:13 GMT" time="15.998" errors="0">
  <testcase name="verifyDatesAfterToDateAreDisabled" time="5.561" classname="com.automation.testcases.JQueryDatePickerPageTest"/>
  <testcase name="verifyDatesBeforeStartDateAreDisabled" time="9.287" classname="com.automation.testcases.JQueryDatePickerPageTest"/>
  <testcase name="verifyJQueryCalendar" time="1.150" classname="com.automation.testcases.JQueryDatePickerPageTest"/>
</testsuite> <!-- com.automation.testcases.JQueryDatePickerPageTest -->
