<?xml version="1.0" encoding="UTF-8"?>
<!-- Generated by org.testng.reporters.JUnitReportReporter -->
<testsuite hostname="HIBAIL61422" name="com.automation.testcases.InputFormSubmitPageTest" tests="4" failures="0" timestamp="22 Aug 2017 06:32:51 GMT" time="20.851" errors="0">
  <testcase name="validatingFieldsData" time="1.833" classname="com.automation.testcases.InputFormSubmitPageTest"/>
  <testcase name="inputFormSubmitLaunch" time="9.594" classname="com.automation.testcases.InputFormSubmitPageTest"/>
  <testcase name="enterInputFormDetails" time="4.494" classname="com.automation.testcases.InputFormSubmitPageTest"/>
  <testcase name="enterInputFormDetails" time="4.930" classname="com.automation.testcases.InputFormSubmitPageTest"/>
</testsuite> <!-- com.automation.testcases.InputFormSubmitPageTest -->
