<?xml version="1.0" encoding="UTF-8"?>
<!-- Generated by org.testng.reporters.JUnitReportReporter -->
<testsuite name="com.automation.testcases.JavaScriptAlertPageTest" tests="3" time="17.253" ignored="18" failures="0" timestamp="24 Jul 2017 18:30:06 GMT" skipped="0" hostname="HIBAIL56713" errors="0">
  <testcase name="verifyJavascriptAlertPage" time="0.796" classname="com.automation.testcases.JavaScriptAlertPageTest"/>
  <testcase name="getAlertMessage" time="5.721" classname="com.automation.testcases.JavaScriptAlertPageTest"/>
  <testcase name="acceptAlertMessage" time="10.736" classname="com.automation.testcases.JavaScriptAlertPageTest"/>
  <testcase name="before" classname="com.automation.base.TestBase">
    <skipped/>
  </testcase> <!-- before -->
  <testcase name="before" classname="com.automation.base.TestBase">
    <skipped/>
  </testcase> <!-- before -->
  <testcase name="before" classname="com.automation.base.TestBase">
    <skipped/>
  </testcase> <!-- before -->
  <testcase name="before" classname="com.automation.base.TestBase">
    <skipped/>
  </testcase> <!-- before -->
  <testcase name="before" classname="com.automation.base.TestBase">
    <skipped/>
  </testcase> <!-- before -->
  <testcase name="before" classname="com.automation.base.TestBase">
    <skipped/>
  </testcase> <!-- before -->
  <testcase name="before" classname="com.automation.base.TestBase">
    <skipped/>
  </testcase> <!-- before -->
  <testcase name="before" classname="com.automation.base.TestBase">
    <skipped/>
  </testcase> <!-- before -->
  <testcase name="before" classname="com.automation.base.TestBase">
    <skipped/>
  </testcase> <!-- before -->
  <testcase name="after" classname="com.automation.base.TestBase">
    <skipped/>
  </testcase> <!-- after -->
  <testcase name="after" classname="com.automation.base.TestBase">
    <skipped/>
  </testcase> <!-- after -->
  <testcase name="after" classname="com.automation.base.TestBase">
    <skipped/>
  </testcase> <!-- after -->
  <testcase name="after" classname="com.automation.base.TestBase">
    <skipped/>
  </testcase> <!-- after -->
  <testcase name="after" classname="com.automation.base.TestBase">
    <skipped/>
  </testcase> <!-- after -->
  <testcase name="after" classname="com.automation.base.TestBase">
    <skipped/>
  </testcase> <!-- after -->
  <testcase name="after" classname="com.automation.base.TestBase">
    <skipped/>
  </testcase> <!-- after -->
  <testcase name="after" classname="com.automation.base.TestBase">
    <skipped/>
  </testcase> <!-- after -->
  <testcase name="after" classname="com.automation.base.TestBase">
    <skipped/>
  </testcase> <!-- after -->
</testsuite> <!-- com.automation.testcases.JavaScriptAlertPageTest -->
