<?xml version="1.0" encoding="UTF-8"?>
<!-- Generated by org.testng.reporters.JUnitReportReporter -->
<testsuite hostname="HIBAIL61422" name="com.automation.testcases.JQueryDropDownTest" tests="6" failures="0" timestamp="28 Jul 2017 07:05:11 GMT" time="29.076" errors="0">
  <testcase name="VerifyDropdownWithCategoryRelatedOptions" time="20.377" classname="com.automation.testcases.JQueryDropDownTest"/>
  <testcase name="MultiSelectStates" time="1.261" classname="com.automation.testcases.JQueryDropDownTest"/>
  <testcase name="DropDownWithTerritoryEnabled" time="3.542" classname="com.automation.testcases.JQueryDropDownTest"/>
  <testcase name="VerifySearchAndSelectCountry" time="1.754" classname="com.automation.testcases.JQueryDropDownTest"/>
  <testcase name="VerifyTerritoryDisabled" time="1.221" classname="com.automation.testcases.JQueryDropDownTest"/>
  <testcase name="ValidateJQuerySelectDropdownPage" time="0.921" classname="com.automation.testcases.JQueryDropDownTest"/>
</testsuite> <!-- com.automation.testcases.JQueryDropDownTest -->
