<?xml version="1.0" encoding="UTF-8"?>
<!-- Generated by org.testng.reporters.JUnitReportReporter -->
<testsuite name="com.automation.testcases.RadioButtonsDemoPageTest" tests="3" time="13.146" ignored="18" failures="0" timestamp="24 Jul 2017 18:30:06 GMT" skipped="0" hostname="HIBAIL56713" errors="0">
  <testcase name="validateRadioButtonsDemoPage" time="0.640" classname="com.automation.testcases.RadioButtonsDemoPageTest"/>
  <testcase name="validateGroupRadioBtnSelection" time="5.373" classname="com.automation.testcases.RadioButtonsDemoPageTest"/>
  <testcase name="validateSingleRadioBtnSelection" time="7.133" classname="com.automation.testcases.RadioButtonsDemoPageTest"/>
  <testcase name="before" classname="com.automation.base.TestBase">
    <skipped/>
  </testcase> <!-- before -->
  <testcase name="before" classname="com.automation.base.TestBase">
    <skipped/>
  </testcase> <!-- before -->
  <testcase name="before" classname="com.automation.base.TestBase">
    <skipped/>
  </testcase> <!-- before -->
  <testcase name="before" classname="com.automation.base.TestBase">
    <skipped/>
  </testcase> <!-- before -->
  <testcase name="before" classname="com.automation.base.TestBase">
    <skipped/>
  </testcase> <!-- before -->
  <testcase name="before" classname="com.automation.base.TestBase">
    <skipped/>
  </testcase> <!-- before -->
  <testcase name="before" classname="com.automation.base.TestBase">
    <skipped/>
  </testcase> <!-- before -->
  <testcase name="before" classname="com.automation.base.TestBase">
    <skipped/>
  </testcase> <!-- before -->
  <testcase name="before" classname="com.automation.base.TestBase">
    <skipped/>
  </testcase> <!-- before -->
  <testcase name="after" classname="com.automation.base.TestBase">
    <skipped/>
  </testcase> <!-- after -->
  <testcase name="after" classname="com.automation.base.TestBase">
    <skipped/>
  </testcase> <!-- after -->
  <testcase name="after" classname="com.automation.base.TestBase">
    <skipped/>
  </testcase> <!-- after -->
  <testcase name="after" classname="com.automation.base.TestBase">
    <skipped/>
  </testcase> <!-- after -->
  <testcase name="after" classname="com.automation.base.TestBase">
    <skipped/>
  </testcase> <!-- after -->
  <testcase name="after" classname="com.automation.base.TestBase">
    <skipped/>
  </testcase> <!-- after -->
  <testcase name="after" classname="com.automation.base.TestBase">
    <skipped/>
  </testcase> <!-- after -->
  <testcase name="after" classname="com.automation.base.TestBase">
    <skipped/>
  </testcase> <!-- after -->
  <testcase name="after" classname="com.automation.base.TestBase">
    <skipped/>
  </testcase> <!-- after -->
</testsuite> <!-- com.automation.testcases.RadioButtonsDemoPageTest -->
